[debug] [2026-03-02T07:37:37.377Z] ----------------------------------------------------------------------
[debug] [2026-03-02T07:37:37.378Z] Command:       /opt/homebrew/Cellar/node/25.6.1/bin/node /Users/shio/ShareHouseWork/ShareHouseWork/node_modules/.bin/firebase emulators:start --project demo-sharehouse-work
[debug] [2026-03-02T07:37:37.379Z] CLI Version:   15.8.0
[debug] [2026-03-02T07:37:37.379Z] Platform:      darwin
[debug] [2026-03-02T07:37:37.379Z] Node Version:  v25.6.1
[debug] [2026-03-02T07:37:37.379Z] Time:          Mon Mar 02 2026 16:37:37 GMT+0900 (Japan Standard Time)
[debug] [2026-03-02T07:37:37.379Z] ----------------------------------------------------------------------
[debug] 
[debug] [2026-03-02T07:37:37.380Z] >>> [apiv2][query] GET https://firebase-public.firebaseio.com/cli.json [none]
[debug] [2026-03-02T07:37:38.333Z] openjdk version "25.0.2" 2026-01-20 LTS
OpenJDK Runtime Environment Temurin-25.0.2+10 (build 25.0.2+10-LTS)

[debug] [2026-03-02T07:37:38.333Z] OpenJDK 64-Bit Server VM Temurin-25.0.2+10 (build 25.0.2+10-LTS, mixed mode, sharing)

[debug] [2026-03-02T07:37:38.334Z] Parsed Java major version: 25
[info] i  emulators: Starting emulators: auth, firestore {"metadata":{"emulator":{"name":"hub"},"message":"Starting emulators: auth, firestore"}}
[info] i  emulators: Detected demo project ID "demo-sharehouse-work", emulated services will use a demo configuration and attempts to access non-emulated services for this project will fail. {"metadata":{"emulator":{"name":"hub"},"message":"Detected demo project ID \"demo-sharehouse-work\", emulated services will use a demo configuration and attempts to access non-emulated services for this project will fail."}}
[debug] [2026-03-02T07:37:38.555Z] [logging] Logging Emulator only supports listening on one address (127.0.0.1). Not listening on ::1
[debug] [2026-03-02T07:37:38.555Z] [auth] Authentication Emulator only supports listening on one address (127.0.0.1). Not listening on ::1
[debug] [2026-03-02T07:37:38.555Z] [firestore] Firestore Emulator only supports listening on one address (127.0.0.1). Not listening on ::1
[debug] [2026-03-02T07:37:38.555Z] [firestore.websocket] websocket server for firestore only supports listening on one address (127.0.0.1). Not listening on ::1
[debug] [2026-03-02T07:37:38.555Z] assigned listening specs for emulators {"user":{"hub":[{"address":"127.0.0.1","family":"IPv4","port":4400},{"address":"::1","family":"IPv6","port":4400}],"ui":[{"address":"127.0.0.1","family":"IPv4","port":4000},{"address":"::1","family":"IPv6","port":4000}],"logging":[{"address":"127.0.0.1","family":"IPv4","port":4500}],"auth":[{"address":"127.0.0.1","family":"IPv4","port":9099}],"firestore":[{"address":"127.0.0.1","family":"IPv4","port":8080}],"firestore.websocket":[{"address":"127.0.0.1","family":"IPv4","port":9150}]},"metadata":{"message":"assigned listening specs for emulators"}}
[debug] [2026-03-02T07:37:38.557Z] Write emulator hub locator at /var/folders/5n/sgmtcd4121g70t48lm5d3m9r0000gp/T/hub-demo-sharehouse-work.json
[info] i  firestore: downloading cloud-firestore-emulator-v1.20.2.jar... {"metadata":{"emulator":{"name":"firestore"},"message":"downloading cloud-firestore-emulator-v1.20.2.jar..."}}
[debug] [2026-03-02T07:37:38.563Z] >>> [apiv2][query] GET https://storage.googleapis.com/firebase-preview-drop/emulator/cloud-firestore-emulator-v1.20.2.jar 
[debug] [2026-03-02T07:37:38.718Z] <<< [apiv2][status] GET https://firebase-public.firebaseio.com/cli.json 200
[debug] [2026-03-02T07:37:38.718Z] <<< [apiv2][body] GET https://firebase-public.firebaseio.com/cli.json {"cloudBuildErrorAfter":1594252800000,"cloudBuildWarnAfter":1590019200000,"defaultNode10After":1594252800000,"minVersion":"3.0.5","node8DeploysDisabledAfter":1613390400000,"node8RuntimeDisabledAfter":1615809600000,"node8WarnAfter":1600128000000}
[debug] [2026-03-02T07:37:38.784Z] <<< [apiv2][status] GET https://storage.googleapis.com/firebase-preview-drop/emulator/cloud-firestore-emulator-v1.20.2.jar 200
[debug] [2026-03-02T07:37:38.785Z] <<< [apiv2][body] GET https://storage.googleapis.com/firebase-preview-drop/emulator/cloud-firestore-emulator-v1.20.2.jar [stream]
[debug] [2026-03-02T07:37:49.583Z] Ignoring unsupported arg: auto_download {"metadata":{"emulator":{"name":"firestore"},"message":"Ignoring unsupported arg: auto_download"}}
[debug] [2026-03-02T07:37:49.583Z] Ignoring unsupported arg: single_project_mode_error {"metadata":{"emulator":{"name":"firestore"},"message":"Ignoring unsupported arg: single_project_mode_error"}}
[debug] [2026-03-02T07:37:49.583Z] Starting Firestore Emulator with command {"binary":"java","args":["-Dgoogle.cloud_firestore.debug_log_level=FINE","-Duser.language=en","-jar","/Users/shio/.cache/firebase/emulators/cloud-firestore-emulator-v1.20.2.jar","--host","127.0.0.1","--port",8080,"--websocket_port",9150,"--project_id","demo-sharehouse-work","--rules","/Users/shio/ShareHouseWork/ShareHouseWork/firestore.rules","--single_project_mode",true],"optionalArgs":["port","webchannel_port","host","rules","websocket_port","functions_emulator","seed_from_export","project_id","single_project_mode"],"joinArgs":false,"shell":false,"port":8080} {"metadata":{"emulator":{"name":"firestore"},"message":"Starting Firestore Emulator with command {\"binary\":\"java\",\"args\":[\"-Dgoogle.cloud_firestore.debug_log_level=FINE\",\"-Duser.language=en\",\"-jar\",\"/Users/shio/.cache/firebase/emulators/cloud-firestore-emulator-v1.20.2.jar\",\"--host\",\"127.0.0.1\",\"--port\",8080,\"--websocket_port\",9150,\"--project_id\",\"demo-sharehouse-work\",\"--rules\",\"/Users/shio/ShareHouseWork/ShareHouseWork/firestore.rules\",\"--single_project_mode\",true],\"optionalArgs\":[\"port\",\"webchannel_port\",\"host\",\"rules\",\"websocket_port\",\"functions_emulator\",\"seed_from_export\",\"project_id\",\"single_project_mode\"],\"joinArgs\":false,\"shell\":false,\"port\":8080}"}}
[info] i  firestore: Firestore Emulator logging to firestore-debug.log {"metadata":{"emulator":{"name":"firestore"},"message":"Firestore Emulator logging to firestore-debug.log"}}
[debug] [2026-03-02T07:37:49.845Z] WARNING: A terminally deprecated method in sun.misc.Unsafe has been called
WARNING: sun.misc.Unsafe::allocateMemory has been called by io.netty.util.internal.PlatformDependent0$2 (file:/Users/shio/.cache/firebase/emulators/cloud-firestore-emulator-v1.20.2.jar)
WARNING: Please consider reporting this to the maintainers of class io.netty.util.internal.PlatformDependent0$2
WARNING: sun.misc.Unsafe::allocateMemory will be removed in a future release
 {"metadata":{"emulator":{"name":"firestore"},"message":"WARNING: A terminally deprecated method in sun.misc.Unsafe has been called\nWARNING: sun.misc.Unsafe::allocateMemory has been called by io.netty.util.internal.PlatformDependent0$2 (file:/Users/shio/.cache/firebase/emulators/cloud-firestore-emulator-v1.20.2.jar)\nWARNING: Please consider reporting this to the maintainers of class io.netty.util.internal.PlatformDependent0$2\nWARNING: sun.misc.Unsafe::allocateMemory will be removed in a future release\n"}}
[debug] [2026-03-02T07:37:50.230Z] Mar 02, 2026 4:37:50 PM com.google.cloud.datastore.emulator.firestore.websocket.WebSocketServer start
INFO: Started WebSocket server on ws://127.0.0.1:9150
 {"metadata":{"emulator":{"name":"firestore"},"message":"Mar 02, 2026 4:37:50 PM com.google.cloud.datastore.emulator.firestore.websocket.WebSocketServer start\nINFO: Started WebSocket server on ws://127.0.0.1:9150\n"}}
[debug] [2026-03-02T07:37:50.241Z] API endpoint: http:// {"metadata":{"emulator":{"name":"firestore"},"message":"API endpoint: http://"}}
[debug] [2026-03-02T07:37:50.241Z] 127.0.0.1:8080
If you are using a library that supports the FIRESTORE_EMULATOR_HOST environment variable, run:

   export FIRESTORE_EMULATOR_HOST=127.0.0.1:8080

If you are running a Firestore in Datastore Mode project, run:

   export DATASTORE_EMULATOR_HOST=127.0.0.1:8080

Note: Support for Datastore Mode is in preview. If you encounter any bugs please file at https://github.com/firebase/firebase-tools/issues.
Dev App Server is now running.

 {"metadata":{"emulator":{"name":"firestore"},"message":"127.0.0.1:8080\nIf you are using a library that supports the FIRESTORE_EMULATOR_HOST environment variable, run:\n\n   export FIRESTORE_EMULATOR_HOST=127.0.0.1:8080\n\nIf you are running a Firestore in Datastore Mode project, run:\n\n   export DATASTORE_EMULATOR_HOST=127.0.0.1:8080\n\nNote: Support for Datastore Mode is in preview. If you encounter any bugs please file at https://github.com/firebase/firebase-tools/issues.\nDev App Server is now running.\n\n"}}
[info] ✔  firestore: Firestore Emulator UI websocket is running on 9150. {"metadata":{"emulator":{"name":"firestore"},"message":"Firestore Emulator UI websocket is running on 9150."}}
[info] i  ui: downloading ui-v1.15.0.zip... {"metadata":{"emulator":{"name":"ui"},"message":"downloading ui-v1.15.0.zip..."}}
[debug] [2026-03-02T07:37:52.967Z] >>> [apiv2][query] GET https://storage.googleapis.com/firebase-preview-drop/emulator/ui-v1.15.0.zip 
[debug] [2026-03-02T07:37:52.990Z] <<< [apiv2][status] GET https://storage.googleapis.com/firebase-preview-drop/emulator/ui-v1.15.0.zip 200
[debug] [2026-03-02T07:37:52.990Z] <<< [apiv2][body] GET https://storage.googleapis.com/firebase-preview-drop/emulator/ui-v1.15.0.zip [stream]
[debug] [2026-03-02T07:37:53.208Z] Data is 3538469
[debug] [2026-03-02T07:37:53.208Z] [unzip] Entry: client/ (compressed_size=0 bytes, uncompressed_size=0 bytes)
[debug] [2026-03-02T07:37:53.208Z] [unzip] Processing entry: client/
[debug] [2026-03-02T07:37:53.208Z] [unzip] mkdir: /Users/shio/.cache/firebase/emulators/ui-v1.15.0/client/
[debug] [2026-03-02T07:37:53.209Z] [unzip] Entry: client/favicon-16x16.png (compressed_size=293 bytes, uncompressed_size=293 bytes)
[debug] [2026-03-02T07:37:53.209Z] [unzip] Processing entry: client/favicon-16x16.png
[debug] [2026-03-02T07:37:53.209Z] [unzip] else mkdir: /Users/shio/.cache/firebase/emulators/ui-v1.15.0/client
[debug] [2026-03-02T07:37:53.209Z] [unzip] Writing file: /Users/shio/.cache/firebase/emulators/ui-v1.15.0/client/favicon-16x16.png
[debug] [2026-03-02T07:37:53.209Z] [unzip] Entry: client/safari-pinned-tab.svg (compressed_size=1433 bytes, uncompressed_size=2611 bytes)
[debug] [2026-03-02T07:37:53.209Z] [unzip] Processing entry: client/safari-pinned-tab.svg
[debug] [2026-03-02T07:37:53.209Z] [unzip] else mkdir: /Users/shio/.cache/firebase/emulators/ui-v1.15.0/client
[debug] [2026-03-02T07:37:53.209Z] [unzip] deflating: /Users/shio/.cache/firebase/emulators/ui-v1.15.0/client/safari-pinned-tab.svg
[debug] [2026-03-02T07:37:53.215Z] [unzip] Entry: client/favicon.ico (compressed_size=2933 bytes, uncompressed_size=13294 bytes)
[debug] [2026-03-02T07:37:53.215Z] [unzip] Processing entry: client/favicon.ico
[debug] [2026-03-02T07:37:53.215Z] [unzip] else mkdir: /Users/shio/.cache/firebase/emulators/ui-v1.15.0/client
[debug] [2026-03-02T07:37:53.215Z] [unzip] deflating: /Users/shio/.cache/firebase/emulators/ui-v1.15.0/client/favicon.ico
[debug] [2026-03-02T07:37:53.215Z] [unzip] Entry: client/index.html (compressed_size=1364 bytes, uncompressed_size=3071 bytes)
[debug] [2026-03-02T07:37:53.215Z] [unzip] Processing entry: client/index.html
[debug] [2026-03-02T07:37:53.215Z] [unzip] else mkdir: /Users/shio/.cache/firebase/emulators/ui-v1.15.0/client
[debug] [2026-03-02T07:37:53.215Z] [unzip] deflating: /Users/shio/.cache/firebase/emulators/ui-v1.15.0/client/index.html
[debug] [2026-03-02T07:37:53.216Z] [unzip] Entry: client/android-chrome-192x192.png (compressed_size=2684 bytes, uncompressed_size=2684 bytes)
[debug] [2026-03-02T07:37:53.216Z] [unzip] Processing entry: client/android-chrome-192x192.png
[debug] [2026-03-02T07:37:53.216Z] [unzip] else mkdir: /Users/shio/.cache/firebase/emulators/ui-v1.15.0/client
[debug] [2026-03-02T07:37:53.216Z] [unzip] Writing file: /Users/shio/.cache/firebase/emulators/ui-v1.15.0/client/android-chrome-192x192.png
[debug] [2026-03-02T07:37:53.216Z] [unzip] Entry: client/apple-touch-icon.png (compressed_size=2123 bytes, uncompressed_size=2152 bytes)
[debug] [2026-03-02T07:37:53.216Z] [unzip] Processing entry: client/apple-touch-icon.png
[debug] [2026-03-02T07:37:53.216Z] [unzip] else mkdir: /Users/shio/.cache/firebase/emulators/ui-v1.15.0/client
[debug] [2026-03-02T07:37:53.216Z] [unzip] deflating: /Users/shio/.cache/firebase/emulators/ui-v1.15.0/client/apple-touch-icon.png
[debug] [2026-03-02T07:37:53.216Z] [unzip] Entry: client/android-chrome-512x512.png (compressed_size=5369 bytes, uncompressed_size=5411 bytes)
[debug] [2026-03-02T07:37:53.216Z] [unzip] Processing entry: client/android-chrome-512x512.png
[debug] [2026-03-02T07:37:53.216Z] [unzip] else mkdir: /Users/shio/.cache/firebase/emulators/ui-v1.15.0/client
[debug] [2026-03-02T07:37:53.216Z] [unzip] deflating: /Users/shio/.cache/firebase/emulators/ui-v1.15.0/client/android-chrome-512x512.png
[debug] [2026-03-02T07:37:53.217Z] [unzip] Entry: client/manifest.json (compressed_size=245 bytes, uncompressed_size=551 bytes)
[debug] [2026-03-02T07:37:53.217Z] [unzip] Processing entry: client/manifest.json
[debug] [2026-03-02T07:37:53.217Z] [unzip] else mkdir: /Users/shio/.cache/firebase/emulators/ui-v1.15.0/client
[debug] [2026-03-02T07:37:53.217Z] [unzip] deflating: /Users/shio/.cache/firebase/emulators/ui-v1.15.0/client/manifest.json
[debug] [2026-03-02T07:37:53.217Z] [unzip] Entry: client/robots.txt (compressed_size=26 bytes, uncompressed_size=26 bytes)
[debug] [2026-03-02T07:37:53.217Z] [unzip] Processing entry: client/robots.txt
[debug] [2026-03-02T07:37:53.217Z] [unzip] else mkdir: /Users/shio/.cache/firebase/emulators/ui-v1.15.0/client
[debug] [2026-03-02T07:37:53.217Z] [unzip] Writing file: /Users/shio/.cache/firebase/emulators/ui-v1.15.0/client/robots.txt
[debug] [2026-03-02T07:37:53.217Z] [unzip] Entry: client/mstile-150x150.png (compressed_size=2034 bytes, uncompressed_size=2034 bytes)
[debug] [2026-03-02T07:37:53.217Z] [unzip] Processing entry: client/mstile-150x150.png
[debug] [2026-03-02T07:37:53.217Z] [unzip] else mkdir: /Users/shio/.cache/firebase/emulators/ui-v1.15.0/client
[debug] [2026-03-02T07:37:53.217Z] [unzip] Writing file: /Users/shio/.cache/firebase/emulators/ui-v1.15.0/client/mstile-150x150.png
[debug] [2026-03-02T07:37:53.217Z] [unzip] Entry: client/assets/ (compressed_size=0 bytes, uncompressed_size=0 bytes)
[debug] [2026-03-02T07:37:53.217Z] [unzip] Processing entry: client/assets/
[debug] [2026-03-02T07:37:53.217Z] [unzip] mkdir: /Users/shio/.cache/firebase/emulators/ui-v1.15.0/client/assets/
[debug] [2026-03-02T07:37:53.218Z] [unzip] Entry: client/assets/index-BX-A56oj.js (compressed_size=582089 bytes, uncompressed_size=2092775 bytes)
[debug] [2026-03-02T07:37:53.218Z] [unzip] Processing entry: client/assets/index-BX-A56oj.js
[debug] [2026-03-02T07:37:53.218Z] [unzip] else mkdir: /Users/shio/.cache/firebase/emulators/ui-v1.15.0/client/assets
[debug] [2026-03-02T07:37:53.218Z] [unzip] deflating: /Users/shio/.cache/firebase/emulators/ui-v1.15.0/client/assets/index-BX-A56oj.js
[debug] [2026-03-02T07:37:53.223Z] [unzip] Entry: client/assets/index-CjB9C900.css (compressed_size=35979 bytes, uncompressed_size=298654 bytes)
[debug] [2026-03-02T07:37:53.223Z] [unzip] Processing entry: client/assets/index-CjB9C900.css
[debug] [2026-03-02T07:37:53.223Z] [unzip] else mkdir: /Users/shio/.cache/firebase/emulators/ui-v1.15.0/client/assets
[debug] [2026-03-02T07:37:53.223Z] [unzip] deflating: /Users/shio/.cache/firebase/emulators/ui-v1.15.0/client/assets/index-CjB9C900.css
[debug] [2026-03-02T07:37:53.224Z] [unzip] Entry: client/assets/index-BX-A56oj.js.map (compressed_size=2362482 bytes, uncompressed_size=10036679 bytes)
[debug] [2026-03-02T07:37:53.225Z] [unzip] Processing entry: client/assets/index-BX-A56oj.js.map
[debug] [2026-03-02T07:37:53.225Z] [unzip] else mkdir: /Users/shio/.cache/firebase/emulators/ui-v1.15.0/client/assets
[debug] [2026-03-02T07:37:53.225Z] [unzip] deflating: /Users/shio/.cache/firebase/emulators/ui-v1.15.0/client/assets/index-BX-A56oj.js.map
[debug] [2026-03-02T07:37:53.246Z] [unzip] Entry: client/assets/extensions/ (compressed_size=0 bytes, uncompressed_size=0 bytes)
[debug] [2026-03-02T07:37:53.246Z] [unzip] Processing entry: client/assets/extensions/
[debug] [2026-03-02T07:37:53.246Z] [unzip] mkdir: /Users/shio/.cache/firebase/emulators/ui-v1.15.0/client/assets/extensions/
[debug] [2026-03-02T07:37:53.246Z] [unzip] Entry: client/assets/extensions/default-extension.png (compressed_size=1646 bytes, uncompressed_size=1657 bytes)
[debug] [2026-03-02T07:37:53.246Z] [unzip] Processing entry: client/assets/extensions/default-extension.png
[debug] [2026-03-02T07:37:53.246Z] [unzip] else mkdir: /Users/shio/.cache/firebase/emulators/ui-v1.15.0/client/assets/extensions
[debug] [2026-03-02T07:37:53.246Z] [unzip] deflating: /Users/shio/.cache/firebase/emulators/ui-v1.15.0/client/assets/extensions/default-extension.png
[debug] [2026-03-02T07:37:53.246Z] [unzip] Entry: client/assets/img/ (compressed_size=0 bytes, uncompressed_size=0 bytes)
[debug] [2026-03-02T07:37:53.246Z] [unzip] Processing entry: client/assets/img/
[debug] [2026-03-02T07:37:53.246Z] [unzip] mkdir: /Users/shio/.cache/firebase/emulators/ui-v1.15.0/client/assets/img/
[debug] [2026-03-02T07:37:53.246Z] [unzip] Entry: client/assets/img/database.png (compressed_size=29449 bytes, uncompressed_size=29988 bytes)
[debug] [2026-03-02T07:37:53.246Z] [unzip] Processing entry: client/assets/img/database.png
[debug] [2026-03-02T07:37:53.246Z] [unzip] else mkdir: /Users/shio/.cache/firebase/emulators/ui-v1.15.0/client/assets/img
[debug] [2026-03-02T07:37:53.246Z] [unzip] deflating: /Users/shio/.cache/firebase/emulators/ui-v1.15.0/client/assets/img/database.png
[debug] [2026-03-02T07:37:53.248Z] [unzip] Entry: client/assets/provider-icons/ (compressed_size=0 bytes, uncompressed_size=0 bytes)
[debug] [2026-03-02T07:37:53.248Z] [unzip] Processing entry: client/assets/provider-icons/
[debug] [2026-03-02T07:37:53.248Z] [unzip] mkdir: /Users/shio/.cache/firebase/emulators/ui-v1.15.0/client/assets/provider-icons/
[debug] [2026-03-02T07:37:53.248Z] [unzip] Entry: client/assets/provider-icons/auth_service_saml.svg (compressed_size=575 bytes, uncompressed_size=1226 bytes)
[debug] [2026-03-02T07:37:53.248Z] [unzip] Processing entry: client/assets/provider-icons/auth_service_saml.svg
[debug] [2026-03-02T07:37:53.248Z] [unzip] else mkdir: /Users/shio/.cache/firebase/emulators/ui-v1.15.0/client/assets/provider-icons
[debug] [2026-03-02T07:37:53.248Z] [unzip] deflating: /Users/shio/.cache/firebase/emulators/ui-v1.15.0/client/assets/provider-icons/auth_service_saml.svg
[debug] [2026-03-02T07:37:53.248Z] [unzip] Entry: client/assets/provider-icons/auth_service_phone.svg (compressed_size=261 bytes, uncompressed_size=414 bytes)
[debug] [2026-03-02T07:37:53.248Z] [unzip] Processing entry: client/assets/provider-icons/auth_service_phone.svg
[debug] [2026-03-02T07:37:53.248Z] [unzip] else mkdir: /Users/shio/.cache/firebase/emulators/ui-v1.15.0/client/assets/provider-icons
[debug] [2026-03-02T07:37:53.248Z] [unzip] deflating: /Users/shio/.cache/firebase/emulators/ui-v1.15.0/client/assets/provider-icons/auth_service_phone.svg
[debug] [2026-03-02T07:37:53.248Z] [unzip] Entry: client/assets/provider-icons/auth_service_facebook.svg (compressed_size=289 bytes, uncompressed_size=457 bytes)
[debug] [2026-03-02T07:37:53.248Z] [unzip] Processing entry: client/assets/provider-icons/auth_service_facebook.svg
[debug] [2026-03-02T07:37:53.248Z] [unzip] else mkdir: /Users/shio/.cache/firebase/emulators/ui-v1.15.0/client/assets/provider-icons
[debug] [2026-03-02T07:37:53.248Z] [unzip] deflating: /Users/shio/.cache/firebase/emulators/ui-v1.15.0/client/assets/provider-icons/auth_service_facebook.svg
[debug] [2026-03-02T07:37:53.248Z] [unzip] Entry: client/assets/provider-icons/auth_service_game_center.svg (compressed_size=991 bytes, uncompressed_size=3921 bytes)
[debug] [2026-03-02T07:37:53.249Z] [unzip] Processing entry: client/assets/provider-icons/auth_service_game_center.svg
[debug] [2026-03-02T07:37:53.249Z] [unzip] else mkdir: /Users/shio/.cache/firebase/emulators/ui-v1.15.0/client/assets/provider-icons
[debug] [2026-03-02T07:37:53.249Z] [unzip] deflating: /Users/shio/.cache/firebase/emulators/ui-v1.15.0/client/assets/provider-icons/auth_service_game_center.svg
[debug] [2026-03-02T07:37:53.249Z] [unzip] Entry: client/assets/provider-icons/auth_service_apple.svg (compressed_size=230 bytes, uncompressed_size=334 bytes)
[debug] [2026-03-02T07:37:53.249Z] [unzip] Processing entry: client/assets/provider-icons/auth_service_apple.svg
[debug] [2026-03-02T07:37:53.249Z] [unzip] else mkdir: /Users/shio/.cache/firebase/emulators/ui-v1.15.0/client/assets/provider-icons
[debug] [2026-03-02T07:37:53.249Z] [unzip] deflating: /Users/shio/.cache/firebase/emulators/ui-v1.15.0/client/assets/provider-icons/auth_service_apple.svg
[debug] [2026-03-02T07:37:53.249Z] [unzip] Entry: client/assets/provider-icons/auth_service_github.svg (compressed_size=466 bytes, uncompressed_size=838 bytes)
[debug] [2026-03-02T07:37:53.249Z] [unzip] Processing entry: client/assets/provider-icons/auth_service_github.svg
[debug] [2026-03-02T07:37:53.249Z] [unzip] else mkdir: /Users/shio/.cache/firebase/emulators/ui-v1.15.0/client/assets/provider-icons
[debug] [2026-03-02T07:37:53.249Z] [unzip] deflating: /Users/shio/.cache/firebase/emulators/ui-v1.15.0/client/assets/provider-icons/auth_service_github.svg
[debug] [2026-03-02T07:37:53.249Z] [unzip] Entry: client/assets/provider-icons/auth_service_mslive.svg (compressed_size=203 bytes, uncompressed_size=378 bytes)
[debug] [2026-03-02T07:37:53.249Z] [unzip] Processing entry: client/assets/provider-icons/auth_service_mslive.svg
[debug] [2026-03-02T07:37:53.249Z] [unzip] else mkdir: /Users/shio/.cache/firebase/emulators/ui-v1.15.0/client/assets/provider-icons
[debug] [2026-03-02T07:37:53.249Z] [unzip] deflating: /Users/shio/.cache/firebase/emulators/ui-v1.15.0/client/assets/provider-icons/auth_service_mslive.svg
[debug] [2026-03-02T07:37:53.250Z] [unzip] Entry: client/assets/provider-icons/auth_service_yahoo.svg (compressed_size=577 bytes, uncompressed_size=1182 bytes)
[debug] [2026-03-02T07:37:53.250Z] [unzip] Processing entry: client/assets/provider-icons/auth_service_yahoo.svg
[debug] [2026-03-02T07:37:53.250Z] [unzip] else mkdir: /Users/shio/.cache/firebase/emulators/ui-v1.15.0/client/assets/provider-icons
[debug] [2026-03-02T07:37:53.250Z] [unzip] deflating: /Users/shio/.cache/firebase/emulators/ui-v1.15.0/client/assets/provider-icons/auth_service_yahoo.svg
[debug] [2026-03-02T07:37:53.250Z] [unzip] Entry: client/assets/provider-icons/auth_service_twitter.svg (compressed_size=444 bytes, uncompressed_size=751 bytes)
[debug] [2026-03-02T07:37:53.250Z] [unzip] Processing entry: client/assets/provider-icons/auth_service_twitter.svg
[debug] [2026-03-02T07:37:53.250Z] [unzip] else mkdir: /Users/shio/.cache/firebase/emulators/ui-v1.15.0/client/assets/provider-icons
[debug] [2026-03-02T07:37:53.250Z] [unzip] deflating: /Users/shio/.cache/firebase/emulators/ui-v1.15.0/client/assets/provider-icons/auth_service_twitter.svg
[debug] [2026-03-02T07:37:53.250Z] [unzip] Entry: client/assets/provider-icons/auth_service_play_games.svg (compressed_size=565 bytes, uncompressed_size=1173 bytes)
[debug] [2026-03-02T07:37:53.250Z] [unzip] Processing entry: client/assets/provider-icons/auth_service_play_games.svg
[debug] [2026-03-02T07:37:53.250Z] [unzip] else mkdir: /Users/shio/.cache/firebase/emulators/ui-v1.15.0/client/assets/provider-icons
[debug] [2026-03-02T07:37:53.250Z] [unzip] deflating: /Users/shio/.cache/firebase/emulators/ui-v1.15.0/client/assets/provider-icons/auth_service_play_games.svg
[debug] [2026-03-02T07:37:53.250Z] [unzip] Entry: client/assets/provider-icons/auth_service_email.svg (compressed_size=228 bytes, uncompressed_size=326 bytes)
[debug] [2026-03-02T07:37:53.250Z] [unzip] Processing entry: client/assets/provider-icons/auth_service_email.svg
[debug] [2026-03-02T07:37:53.250Z] [unzip] else mkdir: /Users/shio/.cache/firebase/emulators/ui-v1.15.0/client/assets/provider-icons
[debug] [2026-03-02T07:37:53.250Z] [unzip] deflating: /Users/shio/.cache/firebase/emulators/ui-v1.15.0/client/assets/provider-icons/auth_service_email.svg
[debug] [2026-03-02T07:37:53.251Z] [unzip] Entry: client/assets/provider-icons/auth_service_google.svg (compressed_size=409 bytes, uncompressed_size=720 bytes)
[debug] [2026-03-02T07:37:53.251Z] [unzip] Processing entry: client/assets/provider-icons/auth_service_google.svg
[debug] [2026-03-02T07:37:53.251Z] [unzip] else mkdir: /Users/shio/.cache/firebase/emulators/ui-v1.15.0/client/assets/provider-icons
[debug] [2026-03-02T07:37:53.251Z] [unzip] deflating: /Users/shio/.cache/firebase/emulators/ui-v1.15.0/client/assets/provider-icons/auth_service_google.svg
[debug] [2026-03-02T07:37:53.251Z] [unzip] Entry: client/assets/provider-icons/auth_service_oidc.svg (compressed_size=414 bytes, uncompressed_size=858 bytes)
[debug] [2026-03-02T07:37:53.251Z] [unzip] Processing entry: client/assets/provider-icons/auth_service_oidc.svg
[debug] [2026-03-02T07:37:53.251Z] [unzip] else mkdir: /Users/shio/.cache/firebase/emulators/ui-v1.15.0/client/assets/provider-icons
[debug] [2026-03-02T07:37:53.251Z] [unzip] deflating: /Users/shio/.cache/firebase/emulators/ui-v1.15.0/client/assets/provider-icons/auth_service_oidc.svg
[debug] [2026-03-02T07:37:53.251Z] [unzip] Entry: client/browserconfig.xml (compressed_size=491 bytes, uncompressed_size=822 bytes)
[debug] [2026-03-02T07:37:53.251Z] [unzip] Processing entry: client/browserconfig.xml
[debug] [2026-03-02T07:37:53.251Z] [unzip] else mkdir: /Users/shio/.cache/firebase/emulators/ui-v1.15.0/client
[debug] [2026-03-02T07:37:53.251Z] [unzip] deflating: /Users/shio/.cache/firebase/emulators/ui-v1.15.0/client/browserconfig.xml
[debug] [2026-03-02T07:37:53.251Z] [unzip] Entry: client/favicon-32x32.png (compressed_size=475 bytes, uncompressed_size=475 bytes)
[debug] [2026-03-02T07:37:53.251Z] [unzip] Processing entry: client/favicon-32x32.png
[debug] [2026-03-02T07:37:53.251Z] [unzip] else mkdir: /Users/shio/.cache/firebase/emulators/ui-v1.15.0/client
[debug] [2026-03-02T07:37:53.251Z] [unzip] Writing file: /Users/shio/.cache/firebase/emulators/ui-v1.15.0/client/favicon-32x32.png
[debug] [2026-03-02T07:37:53.251Z] [unzip] Entry: server/ (compressed_size=0 bytes, uncompressed_size=0 bytes)
[debug] [2026-03-02T07:37:53.251Z] [unzip] Processing entry: server/
[debug] [2026-03-02T07:37:53.251Z] [unzip] mkdir: /Users/shio/.cache/firebase/emulators/ui-v1.15.0/server/
[debug] [2026-03-02T07:37:53.251Z] [unzip] Entry: server/server.mjs.map (compressed_size=217845 bytes, uncompressed_size=944978 bytes)
[debug] [2026-03-02T07:37:53.251Z] [unzip] Processing entry: server/server.mjs.map
[debug] [2026-03-02T07:37:53.251Z] [unzip] else mkdir: /Users/shio/.cache/firebase/emulators/ui-v1.15.0/server
[debug] [2026-03-02T07:37:53.252Z] [unzip] deflating: /Users/shio/.cache/firebase/emulators/ui-v1.15.0/server/server.mjs.map
[debug] [2026-03-02T07:37:53.254Z] [unzip] Entry: server/server.mjs (compressed_size=276407 bytes, uncompressed_size=933701 bytes)
[debug] [2026-03-02T07:37:53.254Z] [unzip] Processing entry: server/server.mjs
[debug] [2026-03-02T07:37:53.254Z] [unzip] else mkdir: /Users/shio/.cache/firebase/emulators/ui-v1.15.0/server
[debug] [2026-03-02T07:37:53.254Z] [unzip] deflating: /Users/shio/.cache/firebase/emulators/ui-v1.15.0/server/server.mjs
[debug] [2026-03-02T07:37:53.260Z] Could not find VSCode notification endpoint: FetchError: request to http://localhost:40001/vscode/notify failed, reason: . If you are not running the Firebase Data Connect VSCode extension, this is expected and not an issue.
[info] 
┌─────────────────────────────────────────────────────────────┐
│ ✔  All emulators ready! It is now safe to connect your app. │
│ i  View Emulator UI at http://127.0.0.1:4000/               │
└─────────────────────────────────────────────────────────────┘

┌────────────────┬────────────────┬─────────────────────────────────┐
│ Emulator       │ Host:Port      │ View in Emulator UI             │
├────────────────┼────────────────┼─────────────────────────────────┤
│ Authentication │ 127.0.0.1:9099 │ http://127.0.0.1:4000/auth      │
├────────────────┼────────────────┼─────────────────────────────────┤
│ Firestore      │ 127.0.0.1:8080 │ http://127.0.0.1:4000/firestore │
└────────────────┴────────────────┴─────────────────────────────────┘
  Emulator Hub host: 127.0.0.1 port: 4400
  Other reserved ports: 4500, 9150

Issues? Report them at https://github.com/firebase/firebase-tools/issues and attach the *-debug.log files.
 
[debug] [2026-03-02T07:38:20.469Z] Mar 02, 2026 4:38:20 PM io.gapi.emulators.netty.HttpVersionRoutingHandler channelRead
INFO: Detected non-HTTP/2 connection.
 {"metadata":{"emulator":{"name":"firestore"},"message":"Mar 02, 2026 4:38:20 PM io.gapi.emulators.netty.HttpVersionRoutingHandler channelRead\nINFO: Detected non-HTTP/2 connection.\n"}}
[debug] [2026-03-02T07:39:24.424Z] Mar 02, 2026 4:39:24 PM com.google.cloud.datastore.emulator.firestore.websocket.WebSocketChannelHandler initChannel
INFO: Connected to new websocket client
 {"metadata":{"emulator":{"name":"firestore"},"message":"Mar 02, 2026 4:39:24 PM com.google.cloud.datastore.emulator.firestore.websocket.WebSocketChannelHandler initChannel\nINFO: Connected to new websocket client\n"}}
[debug] [2026-03-02T07:39:28.530Z] Mar 02, 2026 4:39:28 PM com.google.cloud.datastore.emulator.firestore.websocket.WebSocketChannelHandler channelClosed
INFO: Websocket client disconnected
 {"metadata":{"emulator":{"name":"firestore"},"message":"Mar 02, 2026 4:39:28 PM com.google.cloud.datastore.emulator.firestore.websocket.WebSocketChannelHandler channelClosed\nINFO: Websocket client disconnected\n"}}
[debug] [2026-03-02T07:39:33.738Z] Mar 02, 2026 4:39:33 PM com.google.cloud.datastore.emulator.firestore.websocket.WebSocketChannelHandler initChannel
INFO: Connected to new websocket client
 {"metadata":{"emulator":{"name":"firestore"},"message":"Mar 02, 2026 4:39:33 PM com.google.cloud.datastore.emulator.firestore.websocket.WebSocketChannelHandler initChannel\nINFO: Connected to new websocket client\n"}}
[debug] [2026-03-02T07:44:06.238Z] Mar 02, 2026 4:44:06 PM io.gapi.emulators.netty.HttpVersionRoutingHandler channelRead
INFO: Detected non-HTTP/2 connection.
 {"metadata":{"emulator":{"name":"firestore"},"message":"Mar 02, 2026 4:44:06 PM io.gapi.emulators.netty.HttpVersionRoutingHandler channelRead\nINFO: Detected non-HTTP/2 connection.\n"}}
[debug] [2026-03-02T07:44:06.339Z] Mar 02, 2026 4:44:06 PM io.gapi.emulators.netty.HttpVersionRoutingHandler channelRead
INFO: Detected HTTP/2 connection.
 {"metadata":{"emulator":{"name":"firestore"},"message":"Mar 02, 2026 4:44:06 PM io.gapi.emulators.netty.HttpVersionRoutingHandler channelRead\nINFO: Detected HTTP/2 connection.\n"}}
[debug] [2026-03-02T07:52:04.164Z] Mar 02, 2026 4:52:04 PM io.gapi.emulators.netty.HttpVersionRoutingHandler channelRead
INFO: Detected HTTP/2 connection.
 {"metadata":{"emulator":{"name":"firestore"},"message":"Mar 02, 2026 4:52:04 PM io.gapi.emulators.netty.HttpVersionRoutingHandler channelRead\nINFO: Detected HTTP/2 connection.\n"}}
[debug] [2026-03-02T07:55:55.941Z] Mar 02, 2026 4:55:55 PM io.gapi.emulators.netty.HttpVersionRoutingHandler channelRead
INFO: Detected HTTP/2 connection.
 {"metadata":{"emulator":{"name":"firestore"},"message":"Mar 02, 2026 4:55:55 PM io.gapi.emulators.netty.HttpVersionRoutingHandler channelRead\nINFO: Detected HTTP/2 connection.\n"}}
